TEST FAILED: Suite Teardown Failing Testcase.Test Case 1
════════════════════════════════════════════════════════
▶ BuiltIn.Log('In Test Case 1')
  I In Test Case 1
  ✓ PASS     0s
▶ BuiltIn.Fail('Test case always fails')
  F Test case always fails
  ✗ FAIL     0s

SUITE FAILED: Suite Teardown Failing Testcase
═════════════════════════════════════════════
▶ TEARDOWN    Do Suite Teardown()
  ▶ BuiltIn.Log('Doing suite teardown')
    I Doing suite teardown
    ✓ PASS     0s
  ▶ BuiltIn.Evaluate('1 + 2')
    I ${value} = 3
    ✓ PASS     0s
  ▶ BuiltIn.Should Be Equal As Numbers('${value}', '3')
    I Argument types are:
      <class 'int'>
      <class 'str'>
    ✓ PASS     0s
  ▶ BuiltIn.Log('Suite teardown completed')
    I Suite teardown completed
    ✓ PASS     0s
  ✓ PASS     0s

RUN COMPLETE: 1 test, 1 completed (0 passed, 0 skipped, 1 failed).
Total elapsed:  0s.
